<?xml version="1.0" encoding="UTF-8"?>
<!-- Generated by org.testng.reporters.JUnitReportReporter -->
<testsuite hostname="LAPTOP-D512G7V9" failures="0" tests="1" name="com.herokuapp.testclass.HerokuAppLoginAndLogoutTest" time="6.379" errors="0" timestamp="2021-11-01T11:43:49 EDT" skipped="0">
  <testcase classname="com.herokuapp.testclass.HerokuAppLoginAndLogoutTest" name="validateLoginLogoutFunctionality" time="6.379"/>
  <system-out/>
</testsuite> <!-- com.herokuapp.testclass.HerokuAppLoginAndLogoutTest -->
