<?xml version="1.0" encoding="UTF-8"?>
<!-- Generated by org.testng.reporters.JUnitReportReporter -->
<testsuite hostname="LAPTOP-D512G7V9" failures="0" tests="1" name="com.herokuapp.automation.HerokuAppLoginAndLogoutTest" time="6.478" errors="0" timestamp="2021-11-01T11:21:13 EDT" skipped="0">
  <testcase classname="com.herokuapp.automation.HerokuAppLoginAndLogoutTest" name="validateLoginLogoutFunctionality" time="6.478"/>
  <system-out/>
</testsuite> <!-- com.herokuapp.automation.HerokuAppLoginAndLogoutTest -->
